<?xml version="1.0" encoding="UTF-8"?>
<!-- Generated by org.testng.reporters.JUnitReportReporter -->
<testsuite skipped="0" hostname="LAPTOP-RQ4J2VJ9" name="org.iit.mmp.patientmodule.tests.MessagePatientPageTest" tests="1" failures="0" timestamp="22 May 2020 18:58:37 GMT" time="17.711" errors="0">
  <testcase name="valiateMessageSent" time="17.711" classname="org.iit.mmp.patientmodule.tests.MessagePatientPageTest"/>
</testsuite> <!-- org.iit.mmp.patientmodule.tests.MessagePatientPageTest -->
